2023-07-18T08:55:04.259-04:00  INFO 21176 --- [restartedMain] c.c.backend.BackendApplication           : Starting BackendApplication using Java 17.0.6 with PID 21176 (/Users/tsuyuou/WebProjects/certes-legal/backend/target/classes started by tsuyuou in /Users/tsuyuou/WebProjects/certes-legal)
2023-07-18T08:55:04.260-04:00  INFO 21176 --- [restartedMain] c.c.backend.BackendApplication           : No active profile set, falling back to 1 default profile: "default"
2023-07-18T08:55:04.506-04:00  INFO 21176 --- [restartedMain] .s.d.r.c.RepositoryConfigurationDelegate : Bootstrapping Spring Data JPA repositories in DEFAULT mode.
2023-07-18T08:55:04.523-04:00  INFO 21176 --- [restartedMain] .s.d.r.c.RepositoryConfigurationDelegate : Finished Spring Data repository scanning in 16 ms. Found 3 JPA repository interfaces.
2023-07-18T08:55:04.806-04:00  INFO 21176 --- [restartedMain] o.s.b.w.embedded.tomcat.TomcatWebServer  : Tomcat initialized with port(s): 8080 (http)
2023-07-18T08:55:04.807-04:00  INFO 21176 --- [restartedMain] o.apache.catalina.core.StandardService   : Starting service [Tomcat]
2023-07-18T08:55:04.808-04:00  INFO 21176 --- [restartedMain] o.apache.catalina.core.StandardEngine    : Starting Servlet engine: [Apache Tomcat/10.1.10]
2023-07-18T08:55:04.827-04:00  INFO 21176 --- [restartedMain] o.a.c.c.C.[Tomcat].[localhost].[/]       : Initializing Spring embedded WebApplicationContext
2023-07-18T08:55:04.827-04:00  INFO 21176 --- [restartedMain] w.s.c.ServletWebServerApplicationContext : Root WebApplicationContext: initialization completed in 560 ms
2023-07-18T08:55:04.894-04:00  INFO 21176 --- [restartedMain] o.hibernate.jpa.internal.util.LogHelper  : HHH000204: Processing PersistenceUnitInfo [name: default]
2023-07-18T08:55:04.907-04:00  INFO 21176 --- [restartedMain] o.h.b.i.BytecodeProviderInitiator        : HHH000021: Bytecode provider name : bytebuddy
2023-07-18T08:55:04.908-04:00  INFO 21176 --- [restartedMain] o.s.o.j.p.SpringPersistenceUnitInfo      : No LoadTimeWeaver setup: ignoring JPA class transformer
2023-07-18T08:55:04.910-04:00  INFO 21176 --- [restartedMain] com.zaxxer.hikari.HikariDataSource       : HikariPool-2 - Starting...
2023-07-18T08:55:04.933-04:00  INFO 21176 --- [restartedMain] com.zaxxer.hikari.pool.HikariPool        : HikariPool-2 - Added connection com.mysql.cj.jdbc.ConnectionImpl@33fa7f34
2023-07-18T08:55:04.934-04:00  INFO 21176 --- [restartedMain] com.zaxxer.hikari.HikariDataSource       : HikariPool-2 - Start completed.
2023-07-18T08:55:04.963-04:00  INFO 21176 --- [restartedMain] o.h.b.i.BytecodeProviderInitiator        : HHH000021: Bytecode provider name : bytebuddy
2023-07-18T08:55:05.088-04:00  INFO 21176 --- [restartedMain] o.h.e.t.j.p.i.JtaPlatformInitiator       : HHH000490: Using JtaPlatform implementation: [org.hibernate.engine.transaction.jta.platform.internal.NoJtaPlatform]
2023-07-18T08:55:05.179-04:00  INFO 21176 --- [restartedMain] j.LocalContainerEntityManagerFactoryBean : Initialized JPA EntityManagerFactory for persistence unit 'default'
2023-07-18T08:55:05.354-04:00  WARN 21176 --- [restartedMain] JpaBaseConfiguration$JpaWebConfiguration : spring.jpa.open-in-view is enabled by default. Therefore, database queries may be performed during view rendering. Explicitly configure spring.jpa.open-in-view to disable this warning
2023-07-18T08:55:05.368-04:00  WARN 21176 --- [restartedMain] .s.s.UserDetailsServiceAutoConfiguration : 

Using generated security password: e591f402-e7a4-4093-bb4d-676be336dca2

This generated password is for development use only. Your security configuration must be updated before running your application in production.

2023-07-18T08:55:05.393-04:00 DEBUG 21176 --- [restartedMain] s.w.s.m.m.a.RequestMappingHandlerMapping : 6 mappings in 'requestMappingHandlerMapping'
2023-07-18T08:55:05.433-04:00 DEBUG 21176 --- [restartedMain] o.s.w.s.handler.SimpleUrlHandlerMapping  : Patterns [/webjars/**, /**] in 'resourceHandlerMapping'
2023-07-18T08:55:05.443-04:00  INFO 21176 --- [restartedMain] o.s.s.web.DefaultSecurityFilterChain     : Will secure any request with [org.springframework.security.web.session.DisableEncodeUrlFilter@6ea2c7b, org.springframework.security.web.context.request.async.WebAsyncManagerIntegrationFilter@51fe564e, org.springframework.security.web.context.SecurityContextHolderFilter@1621b819, org.springframework.security.web.header.HeaderWriterFilter@5215fb30, org.springframework.security.web.csrf.CsrfFilter@2e877f4b, org.springframework.security.web.authentication.logout.LogoutFilter@3acdb1d1, org.springframework.security.web.savedrequest.RequestCacheAwareFilter@349e0b1, org.springframework.security.web.servletapi.SecurityContextHolderAwareRequestFilter@5c068855, org.springframework.security.web.authentication.AnonymousAuthenticationFilter@4bbb193a, org.springframework.security.web.access.ExceptionTranslationFilter@45135075, org.springframework.security.web.access.intercept.AuthorizationFilter@1e61f8fd]
2023-07-18T08:55:05.468-04:00 DEBUG 21176 --- [restartedMain] s.w.s.m.m.a.RequestMappingHandlerAdapter : ControllerAdvice beans: 0 @ModelAttribute, 0 @InitBinder, 1 RequestBodyAdvice, 1 ResponseBodyAdvice
2023-07-18T08:55:05.476-04:00 DEBUG 21176 --- [restartedMain] .m.m.a.ExceptionHandlerExceptionResolver : ControllerAdvice beans: 0 @ExceptionHandler, 1 ResponseBodyAdvice
2023-07-18T08:55:05.572-04:00  INFO 21176 --- [restartedMain] o.s.b.d.a.OptionalLiveReloadServer       : LiveReload server is running on port 35729
2023-07-18T08:55:05.580-04:00  INFO 21176 --- [restartedMain] o.s.b.w.embedded.tomcat.TomcatWebServer  : Tomcat started on port(s): 8080 (http) with context path ''
2023-07-18T08:55:05.586-04:00  INFO 21176 --- [restartedMain] c.c.backend.BackendApplication           : Started BackendApplication in 1.378 seconds (process running for 92.21)
2023-07-18T08:55:05.590-04:00  INFO 21176 --- [restartedMain] .ConditionEvaluationDeltaLoggingListener : Condition evaluation unchanged
